[    2267ms] [INFO] %cDownload the React DevTools for a better development experience: https://react.dev/link/react-devtools font-weight:bold @ webpack-internal:///(app-pages-browser)/./node_modules/next/dist/next-devtools/shared/forward-logs-shared.js:27
[    2390ms] [LOG] [HMR] connected @ webpack-internal:///(app-pages-browser)/./node_modules/next/dist/next-devtools/shared/forward-logs-shared.js:27
[    2867ms] [LOG] [Fast Refresh] done in 1782067493187ms @ webpack-internal:///(app-pages-browser)/./node_modules/next/dist/next-devtools/shared/forward-logs-shared.js:27
[    2881ms] [LOG] [Fast Refresh] rebuilding @ webpack-internal:///(app-pages-browser)/./node_modules/next/dist/next-devtools/shared/forward-logs-shared.js:27
[    3117ms] [LOG] [Fast Refresh] done in 237ms @ webpack-internal:///(app-pages-browser)/./node_modules/next/dist/next-devtools/shared/forward-logs-shared.js:27
[    3304ms] [ERROR] Failed to load resource: the server responded with a status of 401 (Unauthorized) @ http://localhost:3000/auth/profile:0
[    3659ms] [LOG] [Fast Refresh] rebuilding @ webpack-internal:///(app-pages-browser)/./node_modules/next/dist/next-devtools/shared/forward-logs-shared.js:27
[    3889ms] [LOG] [Fast Refresh] done in 231ms @ webpack-internal:///(app-pages-browser)/./node_modules/next/dist/next-devtools/shared/forward-logs-shared.js:27
[    3900ms] [LOG] [Fast Refresh] rebuilding @ webpack-internal:///(app-pages-browser)/./node_modules/next/dist/next-devtools/shared/forward-logs-shared.js:27
[    4025ms] [LOG] [Fast Refresh] done in 126ms @ webpack-internal:///(app-pages-browser)/./node_modules/next/dist/next-devtools/shared/forward-logs-shared.js:27
[    4337ms] [LOG] [Fast Refresh] rebuilding @ webpack-internal:///(app-pages-browser)/./node_modules/next/dist/next-devtools/shared/forward-logs-shared.js:27
[    5135ms] [LOG] [Fast Refresh] done in 798ms @ webpack-internal:///(app-pages-browser)/./node_modules/next/dist/next-devtools/shared/forward-logs-shared.js:27
[    6094ms] [LOG] [Fast Refresh] rebuilding @ webpack-internal:///(app-pages-browser)/./node_modules/next/dist/next-devtools/shared/forward-logs-shared.js:27
[    6928ms] [LOG] [Fast Refresh] done in 834ms @ webpack-internal:///(app-pages-browser)/./node_modules/next/dist/next-devtools/shared/forward-logs-shared.js:27
[    7451ms] [ERROR] Failed to load resource: the server responded with a status of 404 (Not Found) @ http://localhost:3000/api/pwa-icon?size=512:0
[    7467ms] [WARNING] Error while trying to use the following icon from the Manifest: http://localhost:3000/api/pwa-icon?size=512 (Download error or resource isn't a valid image) @ http://localhost:3000/scroll-probe:0
[    7508ms] [ERROR] Failed to load resource: the server responded with a status of 404 (Not Found) @ http://localhost:3000/api/pwa-icon?size=512:0
[    7523ms] [WARNING] Error while trying to use the following icon from the Manifest: http://localhost:3000/api/pwa-icon?size=512 (Download error or resource isn't a valid image) @ http://localhost:3000/scroll-probe:0
[    8328ms] [ERROR] Failed to load resource: the server responded with a status of 401 (Unauthorized) @ http://localhost:3000/auth/profile:0
[   11335ms] [WARNING] The resource http://localhost:3000/_next/static/media/e244d3ca994d3054-s.p.woff2?v=1782067497366 was preloaded using link preload but not used within a few seconds from the window's load event. Please make sure it has an appropriate `as` value and it is preloaded intentionally. @ http://localhost:3000/scroll-probe:0
[   11335ms] [WARNING] The resource http://localhost:3000/_next/static/media/3e68fbb477d90635-s.p.woff2?v=1782067497797 was preloaded using link preload but not used within a few seconds from the window's load event. Please make sure it has an appropriate `as` value and it is preloaded intentionally. @ http://localhost:3000/scroll-probe:0
[   11336ms] [WARNING] The resource http://localhost:3000/_next/static/media/a325990d5fec1d3f-s.p.woff2?v=1782067491819 was preloaded using link preload but not used within a few seconds from the window's load event. Please make sure it has an appropriate `as` value and it is preloaded intentionally. @ http://localhost:3000/scroll-probe:0
[   11336ms] [WARNING] The resource http://localhost:3000/_next/static/media/25b1462f79e45005-s.p.woff2?v=1782067497797 was preloaded using link preload but not used within a few seconds from the window's load event. Please make sure it has an appropriate `as` value and it is preloaded intentionally. @ http://localhost:3000/scroll-probe:0
[   11336ms] [WARNING] The resource http://localhost:3000/_next/static/media/a8803dd9fdd15a53-s.p.woff2?v=1782067497366 was preloaded using link preload but not used within a few seconds from the window's load event. Please make sure it has an appropriate `as` value and it is preloaded intentionally. @ http://localhost:3000/scroll-probe:0
[   11336ms] [WARNING] The resource http://localhost:3000/_next/static/media/877bc9206c568b1e-s.p.woff2?v=1782067491819 was preloaded using link preload but not used within a few seconds from the window's load event. Please make sure it has an appropriate `as` value and it is preloaded intentionally. @ http://localhost:3000/scroll-probe:0
[   11336ms] [WARNING] The resource http://localhost:3000/_next/static/css/app/layout.css?v=1782067497797 was preloaded using link preload but not used within a few seconds from the window's load event. Please make sure it has an appropriate `as` value and it is preloaded intentionally. @ http://localhost:3000/scroll-probe:0
[   11336ms] [WARNING] The resource http://localhost:3000/_next/static/media/e244d3ca994d3054-s.p.woff2?v=1782067491819 was preloaded using link preload but not used within a few seconds from the window's load event. Please make sure it has an appropriate `as` value and it is preloaded intentionally. @ http://localhost:3000/scroll-probe:0
[   11336ms] [WARNING] The resource http://localhost:3000/_next/static/media/e244d3ca994d3054-s.p.woff2?v=1782067497797 was preloaded using link preload but not used within a few seconds from the window's load event. Please make sure it has an appropriate `as` value and it is preloaded intentionally. @ http://localhost:3000/scroll-probe:0
[   11336ms] [WARNING] The resource http://localhost:3000/_next/static/media/877bc9206c568b1e-s.p.woff2?v=1782067497366 was preloaded using link preload but not used within a few seconds from the window's load event. Please make sure it has an appropriate `as` value and it is preloaded intentionally. @ http://localhost:3000/scroll-probe:0
[   11336ms] [WARNING] The resource http://localhost:3000/_next/static/media/3e68fbb477d90635-s.p.woff2?v=1782067497366 was preloaded using link preload but not used within a few seconds from the window's load event. Please make sure it has an appropriate `as` value and it is preloaded intentionally. @ http://localhost:3000/scroll-probe:0
[   11336ms] [WARNING] The resource http://localhost:3000/_next/static/css/app/layout.css?v=1782067497366 was preloaded using link preload but not used within a few seconds from the window's load event. Please make sure it has an appropriate `as` value and it is preloaded intentionally. @ http://localhost:3000/scroll-probe:0
[   11336ms] [WARNING] The resource http://localhost:3000/_next/static/media/313510e2713fb214-s.p.woff2?v=1782067491819 was preloaded using link preload but not used within a few seconds from the window's load event. Please make sure it has an appropriate `as` value and it is preloaded intentionally. @ http://localhost:3000/scroll-probe:0
[   11336ms] [WARNING] The resource http://localhost:3000/_next/static/media/9f5251eb979d3d3e-s.p.woff2?v=1782067491819 was preloaded using link preload but not used within a few seconds from the window's load event. Please make sure it has an appropriate `as` value and it is preloaded intentionally. @ http://localhost:3000/scroll-probe:0
[   11336ms] [WARNING] The resource http://localhost:3000/_next/static/media/558ca1a6aa3cb55e-s.p.woff2?v=1782067497797 was preloaded using link preload but not used within a few seconds from the window's load event. Please make sure it has an appropriate `as` value and it is preloaded intentionally. @ http://localhost:3000/scroll-probe:0
[   11336ms] [WARNING] The resource http://localhost:3000/_next/static/media/313510e2713fb214-s.p.woff2?v=1782067497366 was preloaded using link preload but not used within a few seconds from the window's load event. Please make sure it has an appropriate `as` value and it is preloaded intentionally. @ http://localhost:3000/scroll-probe:0
[   11336ms] [WARNING] The resource http://localhost:3000/_next/static/media/a325990d5fec1d3f-s.p.woff2?v=1782067497366 was preloaded using link preload but not used within a few seconds from the window's load event. Please make sure it has an appropriate `as` value and it is preloaded intentionally. @ http://localhost:3000/scroll-probe:0
[   11336ms] [WARNING] The resource http://localhost:3000/_next/static/media/1eedfae966de4e1c-s.p.woff2?v=1782067491819 was preloaded using link preload but not used within a few seconds from the window's load event. Please make sure it has an appropriate `as` value and it is preloaded intentionally. @ http://localhost:3000/scroll-probe:0
[   11336ms] [WARNING] The resource http://localhost:3000/_next/static/media/558ca1a6aa3cb55e-s.p.woff2?v=1782067497366 was preloaded using link preload but not used within a few seconds from the window's load event. Please make sure it has an appropriate `as` value and it is preloaded intentionally. @ http://localhost:3000/scroll-probe:0
[   11336ms] [WARNING] The resource http://localhost:3000/_next/static/media/877bc9206c568b1e-s.p.woff2?v=1782067497797 was preloaded using link preload but not used within a few seconds from the window's load event. Please make sure it has an appropriate `as` value and it is preloaded intentionally. @ http://localhost:3000/scroll-probe:0
[   11336ms] [WARNING] The resource http://localhost:3000/_next/static/media/9f5251eb979d3d3e-s.p.woff2?v=1782067497366 was preloaded using link preload but not used within a few seconds from the window's load event. Please make sure it has an appropriate `as` value and it is preloaded intentionally. @ http://localhost:3000/scroll-probe:0
[   11336ms] [WARNING] The resource http://localhost:3000/_next/static/media/a325990d5fec1d3f-s.p.woff2?v=1782067497797 was preloaded using link preload but not used within a few seconds from the window's load event. Please make sure it has an appropriate `as` value and it is preloaded intentionally. @ http://localhost:3000/scroll-probe:0
[   11336ms] [WARNING] The resource http://localhost:3000/_next/static/media/1eedfae966de4e1c-s.p.woff2?v=1782067497797 was preloaded using link preload but not used within a few seconds from the window's load event. Please make sure it has an appropriate `as` value and it is preloaded intentionally. @ http://localhost:3000/scroll-probe:0
[   11336ms] [WARNING] The resource http://localhost:3000/_next/static/media/1eedfae966de4e1c-s.p.woff2?v=1782067497366 was preloaded using link preload but not used within a few seconds from the window's load event. Please make sure it has an appropriate `as` value and it is preloaded intentionally. @ http://localhost:3000/scroll-probe:0
[   11336ms] [WARNING] The resource http://localhost:3000/_next/static/media/25b1462f79e45005-s.p.woff2?v=1782067491819 was preloaded using link preload but not used within a few seconds from the window's load event. Please make sure it has an appropriate `as` value and it is preloaded intentionally. @ http://localhost:3000/scroll-probe:0
[   11336ms] [WARNING] The resource http://localhost:3000/_next/static/media/3e68fbb477d90635-s.p.woff2?v=1782067491819 was preloaded using link preload but not used within a few seconds from the window's load event. Please make sure it has an appropriate `as` value and it is preloaded intentionally. @ http://localhost:3000/scroll-probe:0
[   11336ms] [WARNING] The resource http://localhost:3000/_next/static/media/a8803dd9fdd15a53-s.p.woff2?v=1782067497797 was preloaded using link preload but not used within a few seconds from the window's load event. Please make sure it has an appropriate `as` value and it is preloaded intentionally. @ http://localhost:3000/scroll-probe:0
[   11336ms] [WARNING] The resource http://localhost:3000/_next/static/media/25b1462f79e45005-s.p.woff2?v=1782067497366 was preloaded using link preload but not used within a few seconds from the window's load event. Please make sure it has an appropriate `as` value and it is preloaded intentionally. @ http://localhost:3000/scroll-probe:0
[   11336ms] [WARNING] The resource http://localhost:3000/_next/static/media/558ca1a6aa3cb55e-s.p.woff2?v=1782067491819 was preloaded using link preload but not used within a few seconds from the window's load event. Please make sure it has an appropriate `as` value and it is preloaded intentionally. @ http://localhost:3000/scroll-probe:0
[   11336ms] [WARNING] The resource http://localhost:3000/_next/static/media/9f5251eb979d3d3e-s.p.woff2?v=1782067497797 was preloaded using link preload but not used within a few seconds from the window's load event. Please make sure it has an appropriate `as` value and it is preloaded intentionally. @ http://localhost:3000/scroll-probe:0
[   11336ms] [WARNING] The resource http://localhost:3000/_next/static/media/a8803dd9fdd15a53-s.p.woff2?v=1782067491819 was preloaded using link preload but not used within a few seconds from the window's load event. Please make sure it has an appropriate `as` value and it is preloaded intentionally. @ http://localhost:3000/scroll-probe:0
[   11336ms] [WARNING] The resource http://localhost:3000/_next/static/media/313510e2713fb214-s.p.woff2?v=1782067497797 was preloaded using link preload but not used within a few seconds from the window's load event. Please make sure it has an appropriate `as` value and it is preloaded intentionally. @ http://localhost:3000/scroll-probe:0
[   23445ms] [ERROR] Failed to load resource: the server responded with a status of 401 (Unauthorized) @ http://localhost:3000/auth/profile:0
[   26456ms] [WARNING] The resource http://localhost:3000/_next/static/media/e244d3ca994d3054-s.p.woff2?v=1782067497366 was preloaded using link preload but not used within a few seconds from the window's load event. Please make sure it has an appropriate `as` value and it is preloaded intentionally. @ http://localhost:3000/scroll-probe:0
[   26457ms] [WARNING] The resource http://localhost:3000/_next/static/media/3e68fbb477d90635-s.p.woff2?v=1782067497797 was preloaded using link preload but not used within a few seconds from the window's load event. Please make sure it has an appropriate `as` value and it is preloaded intentionally. @ http://localhost:3000/scroll-probe:0
[   26457ms] [WARNING] The resource http://localhost:3000/_next/static/media/a325990d5fec1d3f-s.p.woff2?v=1782067491819 was preloaded using link preload but not used within a few seconds from the window's load event. Please make sure it has an appropriate `as` value and it is preloaded intentionally. @ http://localhost:3000/scroll-probe:0
[   26458ms] [WARNING] The resource http://localhost:3000/_next/static/media/25b1462f79e45005-s.p.woff2?v=1782067497797 was preloaded using link preload but not used within a few seconds from the window's load event. Please make sure it has an appropriate `as` value and it is preloaded intentionally. @ http://localhost:3000/scroll-probe:0
[   26458ms] [WARNING] The resource http://localhost:3000/_next/static/media/a8803dd9fdd15a53-s.p.woff2?v=1782067497366 was preloaded using link preload but not used within a few seconds from the window's load event. Please make sure it has an appropriate `as` value and it is preloaded intentionally. @ http://localhost:3000/scroll-probe:0
[   26458ms] [WARNING] The resource http://localhost:3000/_next/static/media/877bc9206c568b1e-s.p.woff2?v=1782067491819 was preloaded using link preload but not used within a few seconds from the window's load event. Please make sure it has an appropriate `as` value and it is preloaded intentionally. @ http://localhost:3000/scroll-probe:0
[   26458ms] [WARNING] The resource http://localhost:3000/_next/static/css/app/layout.css?v=1782067497797 was preloaded using link preload but not used within a few seconds from the window's load event. Please make sure it has an appropriate `as` value and it is preloaded intentionally. @ http://localhost:3000/scroll-probe:0
[   26458ms] [WARNING] The resource http://localhost:3000/_next/static/media/e244d3ca994d3054-s.p.woff2?v=1782067491819 was preloaded using link preload but not used within a few seconds from the window's load event. Please make sure it has an appropriate `as` value and it is preloaded intentionally. @ http://localhost:3000/scroll-probe:0
[   26458ms] [WARNING] The resource http://localhost:3000/_next/static/media/e244d3ca994d3054-s.p.woff2?v=1782067497797 was preloaded using link preload but not used within a few seconds from the window's load event. Please make sure it has an appropriate `as` value and it is preloaded intentionally. @ http://localhost:3000/scroll-probe:0
[   26458ms] [WARNING] The resource http://localhost:3000/_next/static/media/877bc9206c568b1e-s.p.woff2?v=1782067497366 was preloaded using link preload but not used within a few seconds from the window's load event. Please make sure it has an appropriate `as` value and it is preloaded intentionally. @ http://localhost:3000/scroll-probe:0
[   26458ms] [WARNING] The resource http://localhost:3000/_next/static/media/3e68fbb477d90635-s.p.woff2?v=1782067497366 was preloaded using link preload but not used within a few seconds from the window's load event. Please make sure it has an appropriate `as` value and it is preloaded intentionally. @ http://localhost:3000/scroll-probe:0
[   26458ms] [WARNING] The resource http://localhost:3000/_next/static/css/app/layout.css?v=1782067497366 was preloaded using link preload but not used within a few seconds from the window's load event. Please make sure it has an appropriate `as` value and it is preloaded intentionally. @ http://localhost:3000/scroll-probe:0
[   26458ms] [WARNING] The resource http://localhost:3000/_next/static/media/313510e2713fb214-s.p.woff2?v=1782067491819 was preloaded using link preload but not used within a few seconds from the window's load event. Please make sure it has an appropriate `as` value and it is preloaded intentionally. @ http://localhost:3000/scroll-probe:0
[   26458ms] [WARNING] The resource http://localhost:3000/_next/static/media/9f5251eb979d3d3e-s.p.woff2?v=1782067491819 was preloaded using link preload but not used within a few seconds from the window's load event. Please make sure it has an appropriate `as` value and it is preloaded intentionally. @ http://localhost:3000/scroll-probe:0
[   26458ms] [WARNING] The resource http://localhost:3000/_next/static/media/558ca1a6aa3cb55e-s.p.woff2?v=1782067497797 was preloaded using link preload but not used within a few seconds from the window's load event. Please make sure it has an appropriate `as` value and it is preloaded intentionally. @ http://localhost:3000/scroll-probe:0
[   26458ms] [WARNING] The resource http://localhost:3000/_next/static/media/313510e2713fb214-s.p.woff2?v=1782067497366 was preloaded using link preload but not used within a few seconds from the window's load event. Please make sure it has an appropriate `as` value and it is preloaded intentionally. @ http://localhost:3000/scroll-probe:0
[   26458ms] [WARNING] The resource http://localhost:3000/_next/static/media/a325990d5fec1d3f-s.p.woff2?v=1782067497366 was preloaded using link preload but not used within a few seconds from the window's load event. Please make sure it has an appropriate `as` value and it is preloaded intentionally. @ http://localhost:3000/scroll-probe:0
[   26458ms] [WARNING] The resource http://localhost:3000/_next/static/media/1eedfae966de4e1c-s.p.woff2?v=1782067491819 was preloaded using link preload but not used within a few seconds from the window's load event. Please make sure it has an appropriate `as` value and it is preloaded intentionally. @ http://localhost:3000/scroll-probe:0
[   26458ms] [WARNING] The resource http://localhost:3000/_next/static/media/558ca1a6aa3cb55e-s.p.woff2?v=1782067497366 was preloaded using link preload but not used within a few seconds from the window's load event. Please make sure it has an appropriate `as` value and it is preloaded intentionally. @ http://localhost:3000/scroll-probe:0
[   26458ms] [WARNING] The resource http://localhost:3000/_next/static/media/877bc9206c568b1e-s.p.woff2?v=1782067497797 was preloaded using link preload but not used within a few seconds from the window's load event. Please make sure it has an appropriate `as` value and it is preloaded intentionally. @ http://localhost:3000/scroll-probe:0
[   26458ms] [WARNING] The resource http://localhost:3000/_next/static/media/9f5251eb979d3d3e-s.p.woff2?v=1782067497366 was preloaded using link preload but not used within a few seconds from the window's load event. Please make sure it has an appropriate `as` value and it is preloaded intentionally. @ http://localhost:3000/scroll-probe:0
[   26458ms] [WARNING] The resource http://localhost:3000/_next/static/media/a325990d5fec1d3f-s.p.woff2?v=1782067497797 was preloaded using link preload but not used within a few seconds from the window's load event. Please make sure it has an appropriate `as` value and it is preloaded intentionally. @ http://localhost:3000/scroll-probe:0
[   26458ms] [WARNING] The resource http://localhost:3000/_next/static/media/1eedfae966de4e1c-s.p.woff2?v=1782067497797 was preloaded using link preload but not used within a few seconds from the window's load event. Please make sure it has an appropriate `as` value and it is preloaded intentionally. @ http://localhost:3000/scroll-probe:0
[   26458ms] [WARNING] The resource http://localhost:3000/_next/static/media/1eedfae966de4e1c-s.p.woff2?v=1782067497366 was preloaded using link preload but not used within a few seconds from the window's load event. Please make sure it has an appropriate `as` value and it is preloaded intentionally. @ http://localhost:3000/scroll-probe:0
[   26458ms] [WARNING] The resource http://localhost:3000/_next/static/media/25b1462f79e45005-s.p.woff2?v=1782067491819 was preloaded using link preload but not used within a few seconds from the window's load event. Please make sure it has an appropriate `as` value and it is preloaded intentionally. @ http://localhost:3000/scroll-probe:0
[   26458ms] [WARNING] The resource http://localhost:3000/_next/static/media/3e68fbb477d90635-s.p.woff2?v=1782067491819 was preloaded using link preload but not used within a few seconds from the window's load event. Please make sure it has an appropriate `as` value and it is preloaded intentionally. @ http://localhost:3000/scroll-probe:0
[   26458ms] [WARNING] The resource http://localhost:3000/_next/static/media/a8803dd9fdd15a53-s.p.woff2?v=1782067497797 was preloaded using link preload but not used within a few seconds from the window's load event. Please make sure it has an appropriate `as` value and it is preloaded intentionally. @ http://localhost:3000/scroll-probe:0
[   26458ms] [WARNING] The resource http://localhost:3000/_next/static/media/25b1462f79e45005-s.p.woff2?v=1782067497366 was preloaded using link preload but not used within a few seconds from the window's load event. Please make sure it has an appropriate `as` value and it is preloaded intentionally. @ http://localhost:3000/scroll-probe:0
[   26458ms] [WARNING] The resource http://localhost:3000/_next/static/media/558ca1a6aa3cb55e-s.p.woff2?v=1782067491819 was preloaded using link preload but not used within a few seconds from the window's load event. Please make sure it has an appropriate `as` value and it is preloaded intentionally. @ http://localhost:3000/scroll-probe:0
[   26458ms] [WARNING] The resource http://localhost:3000/_next/static/media/9f5251eb979d3d3e-s.p.woff2?v=1782067497797 was preloaded using link preload but not used within a few seconds from the window's load event. Please make sure it has an appropriate `as` value and it is preloaded intentionally. @ http://localhost:3000/scroll-probe:0
[   26458ms] [WARNING] The resource http://localhost:3000/_next/static/media/a8803dd9fdd15a53-s.p.woff2?v=1782067491819 was preloaded using link preload but not used within a few seconds from the window's load event. Please make sure it has an appropriate `as` value and it is preloaded intentionally. @ http://localhost:3000/scroll-probe:0
[   26458ms] [WARNING] The resource http://localhost:3000/_next/static/media/313510e2713fb214-s.p.woff2?v=1782067497797 was preloaded using link preload but not used within a few seconds from the window's load event. Please make sure it has an appropriate `as` value and it is preloaded intentionally. @ http://localhost:3000/scroll-probe:0
